<?xml version="1.0" encoding="UTF-8"?>
<testng-results ignored="0" total="1" passed="1" failed="0" skipped="0">
  <reporter-output>
  </reporter-output>
  <suite started-at="2023-10-13T15:24:57 IST" name="Default suite" finished-at="2023-10-13T15:24:57 IST" duration-ms="92">
    <groups>
    </groups>
    <test started-at="2023-10-13T15:24:57 IST" name="Default test" finished-at="2023-10-13T15:24:57 IST" duration-ms="92">
      <class name="jsonValuesCreationPackage.jsonValuesCreation">
        <test-method signature="createBusinessCustomerRandomValues()[pri:0, instance:jsonValuesCreationPackage.jsonValuesCreation@3d285d7e]" started-at="2023-10-13T15:24:57 IST" name="createBusinessCustomerRandomValues" finished-at="2023-10-13T15:24:57 IST" duration-ms="18" status="PASS">
          <reporter-output>
          </reporter-output>
        </test-method> <!-- createBusinessCustomerRandomValues -->
      </class> <!-- jsonValuesCreationPackage.jsonValuesCreation -->
    </test> <!-- Default test -->
  </suite> <!-- Default suite -->
</testng-results>
