<?xml version="1.0" encoding="UTF-8"?>
<!-- Generated by org.testng.reporters.JUnitXMLReporter -->
<testsuite ignored="5" hostname="netxd-Vostro-15-3510" failures="0" tests="7" name="Default test" time="12.313" errors="0" timestamp="2023-09-19T11:20:50 IST">
  <testcase classname="adminApiPackage.addBusiness" name="monthlyprojectionCurrencyTestCases" time="3.267"/>
  <testcase classname="adminApiPackage.addBusiness" name="monthlyprojectionCurrencyTestCases" time="1.617"/>
  <testcase classname="adminApiPackage.addBusiness" name="monthlyprojectionCurrencyTestCases" time="1.388"/>
  <testcase classname="adminApiPackage.addBusiness" name="monthlyprojectionCurrencyTestCases" time="1.576"/>
  <testcase classname="adminApiPackage.addBusiness" name="monthlyprojectionCurrencyTestCases" time="1.538"/>
  <testcase classname="adminApiPackage.addBusiness" name="monthlyprojectionCurrencyTestCases" time="1.329"/>
  <testcase classname="adminApiPackage.addBusiness" name="monthlyprojectionCurrencyTestCases" time="1.536"/>
  <testcase classname="adminApiPackage.addBusiness" name="monthlyprojectionAmountTestCases" time="0.0">
    <ignored/>
  </testcase> <!-- monthlyprojectionAmountTestCases -->
  <testcase classname="adminApiPackage.addBusiness" name="methodTestCases" time="0.0">
    <ignored/>
  </testcase> <!-- methodTestCases -->
  <testcase classname="adminApiPackage.addBusiness" name="typeTestCases" time="0.0">
    <ignored/>
  </testcase> <!-- typeTestCases -->
  <testcase classname="adminApiPackage.addBusiness" name="businessNameLegalTestCases" time="0.0">
    <ignored/>
  </testcase> <!-- businessNameLegalTestCases -->
  <testcase classname="adminApiPackage.addBusiness" name="dobrestTestCases" time="0.0">
    <ignored/>
  </testcase> <!-- dobrestTestCases -->
</testsuite> <!-- Default test -->
