<?xml version="1.0" encoding="UTF-8"?>
<!-- Generated by org.testng.reporters.JUnitXMLReporter -->
<testsuite ignored="12" hostname="netxd-Vostro-15-3510" failures="5" tests="6" name="Test" time="0.078" errors="0" timestamp="2023-10-13T14:46:24 IST">
  <testcase classname="jsonValuesCreationPackage.jsonValuesCreation" name="createBusinessCustomerRandomValues" time="0.012"/>
  <testcase classname="testCases.addBusinessApiValidation" name="methodTestCases" time="0.001">
    <failure type="java.nio.file.NoSuchFileException" message="src/test/resources/createBusinessCustomerUpdateValues.json">
      <![CDATA[java.nio.file.NoSuchFileException: src/test/resources/createBusinessCustomerUpdateValues.json
at java.base/sun.nio.fs.UnixException.translateToIOException(UnixException.java:92)
at java.base/sun.nio.fs.UnixException.rethrowAsIOException(UnixException.java:111)
at java.base/sun.nio.fs.UnixException.rethrowAsIOException(UnixException.java:116)
at java.base/sun.nio.fs.UnixFileSystemProvider.newByteChannel(UnixFileSystemProvider.java:219)
at java.base/java.nio.file.Files.newByteChannel(Files.java:371)
at java.base/java.nio.file.Files.newByteChannel(Files.java:422)
at java.base/java.nio.file.Files.readAllBytes(Files.java:3206)
at signatureCreationPackage.basicAuthUtils.readJsonFile(basicAuthUtils.java:67)
at testCases.addBusinessApiValidation.methodTestCases(addBusinessApiValidation.java:23)
at java.base/java.util.ArrayList.forEach(ArrayList.java:1541)
... Removed 27 stack frames]]>
    </failure>
  </testcase> <!-- methodTestCases -->
  <testcase classname="testCases.addBusinessApiValidation" name="methodTestCases" time="0.001">
    <failure type="java.nio.file.NoSuchFileException" message="src/test/resources/createBusinessCustomerUpdateValues.json">
      <![CDATA[java.nio.file.NoSuchFileException: src/test/resources/createBusinessCustomerUpdateValues.json
at java.base/sun.nio.fs.UnixException.translateToIOException(UnixException.java:92)
at java.base/sun.nio.fs.UnixException.rethrowAsIOException(UnixException.java:111)
at java.base/sun.nio.fs.UnixException.rethrowAsIOException(UnixException.java:116)
at java.base/sun.nio.fs.UnixFileSystemProvider.newByteChannel(UnixFileSystemProvider.java:219)
at java.base/java.nio.file.Files.newByteChannel(Files.java:371)
at java.base/java.nio.file.Files.newByteChannel(Files.java:422)
at java.base/java.nio.file.Files.readAllBytes(Files.java:3206)
at signatureCreationPackage.basicAuthUtils.readJsonFile(basicAuthUtils.java:67)
at testCases.addBusinessApiValidation.methodTestCases(addBusinessApiValidation.java:23)
at java.base/java.util.ArrayList.forEach(ArrayList.java:1541)
... Removed 27 stack frames]]>
    </failure>
  </testcase> <!-- methodTestCases -->
  <testcase classname="testCases.addBusinessApiValidation" name="methodTestCases" time="0.001">
    <failure type="java.nio.file.NoSuchFileException" message="src/test/resources/createBusinessCustomerUpdateValues.json">
      <![CDATA[java.nio.file.NoSuchFileException: src/test/resources/createBusinessCustomerUpdateValues.json
at java.base/sun.nio.fs.UnixException.translateToIOException(UnixException.java:92)
at java.base/sun.nio.fs.UnixException.rethrowAsIOException(UnixException.java:111)
at java.base/sun.nio.fs.UnixException.rethrowAsIOException(UnixException.java:116)
at java.base/sun.nio.fs.UnixFileSystemProvider.newByteChannel(UnixFileSystemProvider.java:219)
at java.base/java.nio.file.Files.newByteChannel(Files.java:371)
at java.base/java.nio.file.Files.newByteChannel(Files.java:422)
at java.base/java.nio.file.Files.readAllBytes(Files.java:3206)
at signatureCreationPackage.basicAuthUtils.readJsonFile(basicAuthUtils.java:67)
at testCases.addBusinessApiValidation.methodTestCases(addBusinessApiValidation.java:23)
at java.base/java.util.ArrayList.forEach(ArrayList.java:1541)
... Removed 27 stack frames]]>
    </failure>
  </testcase> <!-- methodTestCases -->
  <testcase classname="testCases.addBusinessApiValidation" name="methodTestCases" time="0.002">
    <failure type="java.nio.file.NoSuchFileException" message="src/test/resources/createBusinessCustomerUpdateValues.json">
      <![CDATA[java.nio.file.NoSuchFileException: src/test/resources/createBusinessCustomerUpdateValues.json
at java.base/sun.nio.fs.UnixException.translateToIOException(UnixException.java:92)
at java.base/sun.nio.fs.UnixException.rethrowAsIOException(UnixException.java:111)
at java.base/sun.nio.fs.UnixException.rethrowAsIOException(UnixException.java:116)
at java.base/sun.nio.fs.UnixFileSystemProvider.newByteChannel(UnixFileSystemProvider.java:219)
at java.base/java.nio.file.Files.newByteChannel(Files.java:371)
at java.base/java.nio.file.Files.newByteChannel(Files.java:422)
at java.base/java.nio.file.Files.readAllBytes(Files.java:3206)
at signatureCreationPackage.basicAuthUtils.readJsonFile(basicAuthUtils.java:67)
at testCases.addBusinessApiValidation.methodTestCases(addBusinessApiValidation.java:23)
at java.base/java.util.ArrayList.forEach(ArrayList.java:1541)
... Removed 27 stack frames]]>
    </failure>
  </testcase> <!-- methodTestCases -->
  <testcase classname="testCases.addBusinessApiValidation" name="methodTestCases" time="0.001">
    <failure type="java.nio.file.NoSuchFileException" message="src/test/resources/createBusinessCustomerUpdateValues.json">
      <![CDATA[java.nio.file.NoSuchFileException: src/test/resources/createBusinessCustomerUpdateValues.json
at java.base/sun.nio.fs.UnixException.translateToIOException(UnixException.java:92)
at java.base/sun.nio.fs.UnixException.rethrowAsIOException(UnixException.java:111)
at java.base/sun.nio.fs.UnixException.rethrowAsIOException(UnixException.java:116)
at java.base/sun.nio.fs.UnixFileSystemProvider.newByteChannel(UnixFileSystemProvider.java:219)
at java.base/java.nio.file.Files.newByteChannel(Files.java:371)
at java.base/java.nio.file.Files.newByteChannel(Files.java:422)
at java.base/java.nio.file.Files.readAllBytes(Files.java:3206)
at signatureCreationPackage.basicAuthUtils.readJsonFile(basicAuthUtils.java:67)
at testCases.addBusinessApiValidation.methodTestCases(addBusinessApiValidation.java:23)
at java.base/java.util.ArrayList.forEach(ArrayList.java:1541)
... Removed 27 stack frames]]>
    </failure>
  </testcase> <!-- methodTestCases -->
  <testcase classname="testCases.addBusinessApiValidation" name="phoneNumberTestCases" time="0.0">
    <ignored/>
  </testcase> <!-- phoneNumberTestCases -->
  <testcase classname="testCases.addBusinessApiValidation" name="invalidContactEmailTestCases" time="0.0">
    <ignored/>
  </testcase> <!-- invalidContactEmailTestCases -->
  <testcase classname="testCases.addBusinessApiValidation" name="countryCodeTestCases" time="0.0">
    <ignored/>
  </testcase> <!-- countryCodeTestCases -->
  <testcase classname="testCases.addBusinessApiValidation" name="invalidApiCredentialTestCases" time="0.0">
    <ignored/>
  </testcase> <!-- invalidApiCredentialTestCases -->
  <testcase classname="testCases.addBusinessApiValidation" name="businessNameLegalTestCases" time="0.0">
    <ignored/>
  </testcase> <!-- businessNameLegalTestCases -->
  <testcase classname="testCases.addBusinessApiValidation" name="identificationTypeTestCases" time="0.0">
    <ignored/>
  </testcase> <!-- identificationTypeTestCases -->
  <testcase classname="testCases.addBusinessApiValidation" name="monthlyprojectionCurrencyTestCases" time="0.0">
    <ignored/>
  </testcase> <!-- monthlyprojectionCurrencyTestCases -->
  <testcase classname="testCases.addBusinessApiValidation" name="typeTestCases" time="0.0">
    <ignored/>
  </testcase> <!-- typeTestCases -->
  <testcase classname="testCases.addBusinessApiValidation" name="dateEstablishedTestCases" time="0.0">
    <ignored/>
  </testcase> <!-- dateEstablishedTestCases -->
  <testcase classname="testCases.addBusinessApiValidation" name="invalidKeyIdTestCases" time="0.0">
    <ignored/>
  </testcase> <!-- invalidKeyIdTestCases -->
  <testcase classname="testCases.addBusinessApiValidation" name="invalidSignatureTestCases" time="0.0">
    <ignored/>
  </testcase> <!-- invalidSignatureTestCases -->
  <testcase classname="testCases.addBusinessApiValidation" name="identificationValueTestCases" time="0.0">
    <ignored/>
  </testcase> <!-- identificationValueTestCases -->
</testsuite> <!-- Test -->
