<?xml version="1.0" encoding="UTF-8"?>
<!-- Generated by org.testng.reporters.JUnitXMLReporter -->
<testsuite ignored="0" hostname="netxd-Vostro-15-3510" failures="1" tests="29" name="First Test" time="42.411" errors="0" timestamp="2023-09-12T11:42:17 IST">
  <testcase classname="adminApiPackage.addBusiness" name="methodTestCases" time="3.23"/>
  <testcase classname="adminApiPackage.addBusiness" name="methodTestCases" time="1.45"/>
  <testcase classname="adminApiPackage.addBusiness" name="methodTestCases" time="1.529"/>
  <testcase classname="adminApiPackage.addBusiness" name="methodTestCases" time="1.436"/>
  <testcase classname="adminApiPackage.addBusiness" name="methodTestCases" time="1.431"/>
  <testcase classname="adminApiPackage.addBusiness" name="dobrestTestCases" time="1.53"/>
  <testcase classname="adminApiPackage.addBusiness" name="dobrestTestCases" time="1.394"/>
  <testcase classname="adminApiPackage.addBusiness" name="dobrestTestCases" time="1.472"/>
  <testcase classname="adminApiPackage.addBusiness" name="dobrestTestCases" time="1.532"/>
  <testcase classname="adminApiPackage.addBusiness" name="dobrestTestCases" time="1.537"/>
  <testcase classname="adminApiPackage.addBusiness" name="typeTestCases" time="1.467"/>
  <testcase classname="adminApiPackage.addBusiness" name="typeTestCases" time="1.222"/>
  <testcase classname="adminApiPackage.addBusiness" name="typeTestCases" time="1.401"/>
  <testcase classname="adminApiPackage.addBusiness" name="typeTestCases" time="1.432"/>
  <testcase classname="adminApiPackage.addBusiness" name="typeTestCases" time="1.637"/>
  <testcase classname="adminApiPackage.addBusiness" name="typeTestCases" time="1.452"/>
  <testcase classname="adminApiPackage.addBusiness" name="typeTestCases" time="1.448"/>
  <testcase classname="adminApiPackage.addBusiness" name="businessNameLegalTestCases" time="1.401"/>
  <testcase classname="adminApiPackage.addBusiness" name="businessNameLegalTestCases" time="1.43"/>
  <testcase classname="adminApiPackage.addBusiness" name="businessNameLegalTestCases" time="1.469"/>
  <testcase classname="adminApiPackage.addBusiness" name="businessNameLegalTestCases" time="1.325"/>
  <testcase classname="adminApiPackage.addBusiness" name="monthlyprojectionAmountTestCases" time="0.001">
    <failure type="org.testng.internal.reflect.MethodMatcherException" message="
[public void adminApiPackage.addBusiness.monthlyprojectionAmountTestCases(java.lang.String,java.lang.String) throws java.io.IOException] has no parameters defined but was found to be using a data provider (either explicitly specified or inherited from class level annotation).
Data provider mismatch
Method: monthlyprojectionAmountTestCases([java.lang.String arg0, java.lang.String arg1])
Arguments: [(java.lang.Integer) 0,(java.lang.String) Zero as monthlyprojection.amount]">
      <![CDATA[org.testng.internal.reflect.MethodMatcherException: 
[public void adminApiPackage.addBusiness.monthlyprojectionAmountTestCases(java.lang.String,java.lang.String) throws java.io.IOException] has no parameters defined but was found to be using a data provider (either explicitly specified or inherited from class level annotation).
Data provider mismatch
Method: monthlyprojectionAmountTestCases([java.lang.String arg0, java.lang.String arg1])
Arguments: [(java.lang.Integer) 0,(java.lang.String) Zero as monthlyprojection.amount]
at java.base/java.util.ArrayList.forEach(ArrayList.java:1541)
... Removed 22 stack frames]]>
    </failure>
  </testcase> <!-- monthlyprojectionAmountTestCases -->
  <testcase classname="adminApiPackage.addBusiness" name="monthlyprojectionCurrencyTestCases" time="1.501"/>
  <testcase classname="adminApiPackage.addBusiness" name="monthlyprojectionCurrencyTestCases" time="1.521"/>
  <testcase classname="adminApiPackage.addBusiness" name="monthlyprojectionCurrencyTestCases" time="1.379"/>
  <testcase classname="adminApiPackage.addBusiness" name="monthlyprojectionCurrencyTestCases" time="1.297"/>
  <testcase classname="adminApiPackage.addBusiness" name="monthlyprojectionCurrencyTestCases" time="1.432"/>
  <testcase classname="adminApiPackage.addBusiness" name="monthlyprojectionCurrencyTestCases" time="1.432"/>
  <testcase classname="adminApiPackage.addBusiness" name="monthlyprojectionCurrencyTestCases" time="1.536"/>
</testsuite> <!-- First Test -->
