<?xml version="1.0" encoding="UTF-8"?>
<testng-results ignored="0" total="7" passed="7" failed="0" skipped="0">
  <reporter-output>
  </reporter-output>
  <suite started-at="2023-09-19T11:20:37 IST" name="Default suite" finished-at="2023-09-19T11:20:50 IST" duration-ms="12313">
    <groups>
    </groups>
    <test started-at="2023-09-19T11:20:37 IST" name="Default test" finished-at="2023-09-19T11:20:50 IST" duration-ms="12313">
      <class name="adminApiPackage.addBusiness">
        <test-method signature="monthlyprojectionCurrencyTestCases(java.lang.String,java.lang.String)[pri:1, instance:adminApiPackage.addBusiness@247bddad]" started-at="2023-09-19T11:20:37 IST" name="monthlyprojectionCurrencyTestCases" data-provider="invalidMonthlyProjectionCurrency" finished-at="2023-09-19T11:20:41 IST" duration-ms="3267" status="PASS">
          <params>
            <param index="0">
              <value>
                <![CDATA[]]>
              </value>
            </param>
            <param index="1">
              <value>
                <![CDATA[Empty as monthlyprojection.currency]]>
              </value>
            </param>
          </params>
          <reporter-output>
          </reporter-output>
        </test-method> <!-- monthlyprojectionCurrencyTestCases -->
        <test-method signature="monthlyprojectionCurrencyTestCases(java.lang.String,java.lang.String)[pri:1, instance:adminApiPackage.addBusiness@247bddad]" started-at="2023-09-19T11:20:41 IST" name="monthlyprojectionCurrencyTestCases" data-provider="invalidMonthlyProjectionCurrency" finished-at="2023-09-19T11:20:42 IST" duration-ms="1617" status="PASS">
          <params>
            <param index="0">
              <value>
                <![CDATA[   ]]>
              </value>
            </param>
            <param index="1">
              <value>
                <![CDATA[Whitespace in the monthlyprojection.currency]]>
              </value>
            </param>
          </params>
          <reporter-output>
          </reporter-output>
        </test-method> <!-- monthlyprojectionCurrencyTestCases -->
        <test-method signature="monthlyprojectionCurrencyTestCases(java.lang.String,java.lang.String)[pri:1, instance:adminApiPackage.addBusiness@247bddad]" started-at="2023-09-19T11:20:42 IST" name="monthlyprojectionCurrencyTestCases" data-provider="invalidMonthlyProjectionCurrency" finished-at="2023-09-19T11:20:44 IST" duration-ms="1388" status="PASS">
          <params>
            <param index="0">
              <value>
                <![CDATA[@!#fkv]]>
              </value>
            </param>
            <param index="1">
              <value>
                <![CDATA[Alphanumeric as monthlyprojection.currency]]>
              </value>
            </param>
          </params>
          <reporter-output>
          </reporter-output>
        </test-method> <!-- monthlyprojectionCurrencyTestCases -->
        <test-method signature="monthlyprojectionCurrencyTestCases(java.lang.String,java.lang.String)[pri:1, instance:adminApiPackage.addBusiness@247bddad]" started-at="2023-09-19T11:20:44 IST" name="monthlyprojectionCurrencyTestCases" data-provider="invalidMonthlyProjectionCurrency" finished-at="2023-09-19T11:20:45 IST" duration-ms="1576" status="PASS">
          <params>
            <param index="0">
              <value>
                <![CDATA[   USD]]>
              </value>
            </param>
            <param index="1">
              <value>
                <![CDATA[Leading space in the monthlyprojection.currency]]>
              </value>
            </param>
          </params>
          <reporter-output>
          </reporter-output>
        </test-method> <!-- monthlyprojectionCurrencyTestCases -->
        <test-method signature="monthlyprojectionCurrencyTestCases(java.lang.String,java.lang.String)[pri:1, instance:adminApiPackage.addBusiness@247bddad]" started-at="2023-09-19T11:20:45 IST" name="monthlyprojectionCurrencyTestCases" data-provider="invalidMonthlyProjectionCurrency" finished-at="2023-09-19T11:20:47 IST" duration-ms="1538" status="PASS">
          <params>
            <param index="0">
              <value>
                <![CDATA[USD  ]]>
              </value>
            </param>
            <param index="1">
              <value>
                <![CDATA[Trailing space in the monthlyprojection.currencyl]]>
              </value>
            </param>
          </params>
          <reporter-output>
          </reporter-output>
        </test-method> <!-- monthlyprojectionCurrencyTestCases -->
        <test-method signature="monthlyprojectionCurrencyTestCases(java.lang.String,java.lang.String)[pri:1, instance:adminApiPackage.addBusiness@247bddad]" started-at="2023-09-19T11:20:47 IST" name="monthlyprojectionCurrencyTestCases" data-provider="invalidMonthlyProjectionCurrency" finished-at="2023-09-19T11:20:48 IST" duration-ms="1329" status="PASS">
          <params>
            <param index="0">
              <value>
                <![CDATA[uSd]]>
              </value>
            </param>
            <param index="1">
              <value>
                <![CDATA[Lowercase & upperCase mixed in the monthlyprojection.currency]]>
              </value>
            </param>
          </params>
          <reporter-output>
          </reporter-output>
        </test-method> <!-- monthlyprojectionCurrencyTestCases -->
        <test-method signature="monthlyprojectionCurrencyTestCases(java.lang.String,java.lang.String)[pri:1, instance:adminApiPackage.addBusiness@247bddad]" started-at="2023-09-19T11:20:48 IST" name="monthlyprojectionCurrencyTestCases" data-provider="invalidMonthlyProjectionCurrency" finished-at="2023-09-19T11:20:50 IST" duration-ms="1536" status="PASS">
          <params>
            <param index="0">
              <value>
                <![CDATA[usd]]>
              </value>
            </param>
            <param index="1">
              <value>
                <![CDATA[Lowercase fully in the monthlyprojection.currency]]>
              </value>
            </param>
          </params>
          <reporter-output>
          </reporter-output>
        </test-method> <!-- monthlyprojectionCurrencyTestCases -->
      </class> <!-- adminApiPackage.addBusiness -->
    </test> <!-- Default test -->
  </suite> <!-- Default suite -->
</testng-results>
