<testsuite failures="0" name="src/test/java/features/payloads.feature" skipped="0" tests="1" time="0.654435">
  <testcase classname="src.test.java.features.payloads" name="read api request payload from seperate folder" time="0.654435">
    <system-out>* url baseUrl ............................................................. passed
* def req_payload = read('classpath:src/test/resources/payloads/user.json') . passed
Given path 'public/v2/users/' ............................................. passed
And request req_payload ................................................... passed
And header Authorization = bearerToken .................................... passed
When method POST .......................................................... passed
Then status 201 ........................................................... passed
* print response .......................................................... passed</system-out>
  </testcase>
</testsuite>
